Starting audit raw...
[
  {
    "registration_id": 2,
    "event_id": 12,
    "student_id": 4,
    "full_name": "jon",
    "email": "jon@gmail.com",
    "phone": "1234567890",
    "department": "entc",
    "year": 1,
    "roll_no": "32356",
    "notes": "no",
    "registered_at": "2026-02-13T17:30:42.000Z"
  },
  {
    "registration_id": 3,
    "event_id": 12,
    "student_id": 19,
    "full_name": "kaju katli",
    "email": "kaju@gmail.com",
    "phone": "1234567890",
    "department": "entc",
    "year": 2,
    "roll_no": "32356",
    "notes": "na",
    "registered_at": "2026-02-13T17:45:13.000Z"
  },
  {
    "registration_id": 4,
    "event_id": 12,
    "student_id": 20,
    "full_name": "ladu motha",
    "email": "ladu@gmail.com",
    "phone": "1234567890",
    "department": "entc",
    "year": 3,
    "roll_no": "3455",
    "notes": "na",
    "registered_at": "2026-02-13T17:53:05.000Z"
  },
  {
    "registration_id": 5,
    "event_id": 13,
    "student_id": 20,
    "full_name": "ladu kadu",
    "email": "ladu@gmail.com",
    "phone": "1234567890",
    "department": "entc",
    "year": 2,
    "roll_no": "32369",
    "notes": "no",
    "registered_at": "2026-02-14T14:00:51.000Z"
  },
  {
    "registration_id": 6,
    "event_id": 15,
    "student_id": 4,
    "full_name": "jon the don",
    "email": "jon@gmail.com",
    "phone": "1234567890",
    "department": "entc",
    "year": 1,
    "roll_no": "2345",
    "notes": "looking forward to join the session",
    "registered_at": "2026-02-14T16:21:48.000Z"
  },
  {
    "registration_id": 7,
    "event_id": 15,
    "student_id": 19,
    "full_name": "kaju katli",
    "email": "kaju@gmail.com",
    "phone": "09309386007",
    "department": "entc",
    "year": 2,
    "roll_no": "23234",
    "notes": "NA",
    "registered_at": "2026-02-15T04:20:54.000Z"
  }
]
